<?xml version="1.0" encoding="UTF-8"?>
<!-- Generated by org.testng.reporters.JUnitXMLReporter -->
<testsuite ignored="0" hostname="DESKTOP-25T5UMJ" failures="0" tests="4" name="ChromeTest" time="22.756" errors="0" timestamp="2024-10-29T19:17:37 IST">
  <testcase classname="testCase.LoginPageTest" name="verifyLoginWithInValidData" time="1.431"/>
  <testcase classname="testCase.LoginPageTest" name="verifyLoginWithInValidData" time="0.836"/>
  <testcase classname="testCase.LoginPageTest" name="verifyLoginWithInValidData" time="0.833"/>
  <testcase classname="testCase.LoginPageTest" name="verifyLoginWithValidData" time="4.057"/>
</testsuite> <!-- ChromeTest -->
