<?xml version="1.0" encoding="UTF-8"?>
<!-- Generated by org.testng.reporters.JUnitXMLReporter -->
<testsuite ignored="0" hostname="DESKTOP-25T5UMJ" failures="0" tests="2" name="ChromeTest" time="31.958" errors="0" timestamp="2024-11-04T10:41:34 IST">
  <testcase classname="testCase.ManageContactTest" name="editContact" time="22.575">
    <skipped/>
  </testcase> <!-- editContact -->
  <testcase classname="testCase.ManageContactTest" name="editContact" time="2.712"/>
</testsuite> <!-- ChromeTest -->
