<?xml version="1.0" encoding="UTF-8"?>
<!-- Generated by org.testng.reporters.JUnitXMLReporter -->
<testsuite ignored="3" hostname="DESKTOP-25T5UMJ" failures="0" tests="1" name="FirefoxTest" time="7.867" errors="0" timestamp="2024-10-29T15:49:44 IST">
  <testcase classname="testCase.ManageNewsTest" name="editNews" time="2.245"/>
  <testcase classname="testCase.ManageNewsTest" name="addNews" time="0.0">
    <ignored/>
  </testcase> <!-- addNews -->
  <testcase classname="testCase.ManageNewsTest" name="searchNews" time="0.0">
    <ignored/>
  </testcase> <!-- searchNews -->
  <testcase classname="testCase.ManageNewsTest" name="deleteNews" time="0.0">
    <ignored/>
  </testcase> <!-- deleteNews -->
</testsuite> <!-- FirefoxTest -->
