<?xml version="1.0" encoding="UTF-8"?>
<testng-results ignored="0" total="4" passed="4" failed="0" skipped="0">
  <reporter-output>
  </reporter-output>
  <suite started-at="2024-10-14T12:44:47 IST" name="Default suite" finished-at="2024-10-14T12:44:58 IST" duration-ms="10936">
    <groups>
    </groups>
    <test started-at="2024-10-14T12:44:47 IST" name="Default test" finished-at="2024-10-14T12:44:58 IST" duration-ms="10936">
      <class name="testCase.LoginPageTest">
        <test-method is-config="true" signature="beforeMethod()[pri:0, instance:testCase.LoginPageTest@4562e04d]" started-at="2024-10-14T12:44:47 IST" name="beforeMethod" finished-at="2024-10-14T12:44:49 IST" duration-ms="2517" status="PASS">
          <reporter-output>
          </reporter-output>
        </test-method> <!-- beforeMethod -->
        <test-method signature="testCase01(java.lang.String,java.lang.String)[pri:0, instance:testCase.LoginPageTest@4562e04d]" started-at="2024-10-14T12:44:49 IST" name="testCase01" data-provider="data-provider" finished-at="2024-10-14T12:44:50 IST" duration-ms="509" status="PASS">
          <params>
            <param index="0">
              <value>
                <![CDATA[admin]]>
              </value>
            </param>
            <param index="1">
              <value>
                <![CDATA[test]]>
              </value>
            </param>
          </params>
          <reporter-output>
          </reporter-output>
        </test-method> <!-- testCase01 -->
        <test-method is-config="true" signature="afterMethod()[pri:0, instance:testCase.LoginPageTest@4562e04d]" started-at="2024-10-14T12:44:50 IST" name="afterMethod" finished-at="2024-10-14T12:44:50 IST" duration-ms="223" status="PASS">
          <reporter-output>
          </reporter-output>
        </test-method> <!-- afterMethod -->
        <test-method is-config="true" signature="beforeMethod()[pri:0, instance:testCase.LoginPageTest@4562e04d]" started-at="2024-10-14T12:44:50 IST" name="beforeMethod" finished-at="2024-10-14T12:44:52 IST" duration-ms="1870" status="PASS">
          <reporter-output>
          </reporter-output>
        </test-method> <!-- beforeMethod -->
        <test-method signature="testCase01(java.lang.String,java.lang.String)[pri:0, instance:testCase.LoginPageTest@4562e04d]" started-at="2024-10-14T12:44:52 IST" name="testCase01" data-provider="data-provider" finished-at="2024-10-14T12:44:52 IST" duration-ms="397" status="PASS">
          <params>
            <param index="0">
              <value>
                <![CDATA[demo]]>
              </value>
            </param>
            <param index="1">
              <value>
                <![CDATA[admin]]>
              </value>
            </param>
          </params>
          <reporter-output>
          </reporter-output>
        </test-method> <!-- testCase01 -->
        <test-method is-config="true" signature="afterMethod()[pri:0, instance:testCase.LoginPageTest@4562e04d]" started-at="2024-10-14T12:44:52 IST" name="afterMethod" finished-at="2024-10-14T12:44:53 IST" duration-ms="239" status="PASS">
          <reporter-output>
          </reporter-output>
        </test-method> <!-- afterMethod -->
        <test-method is-config="true" signature="beforeMethod()[pri:0, instance:testCase.LoginPageTest@4562e04d]" started-at="2024-10-14T12:44:53 IST" name="beforeMethod" finished-at="2024-10-14T12:44:54 IST" duration-ms="1830" status="PASS">
          <reporter-output>
          </reporter-output>
        </test-method> <!-- beforeMethod -->
        <test-method signature="testCase01(java.lang.String,java.lang.String)[pri:0, instance:testCase.LoginPageTest@4562e04d]" started-at="2024-10-14T12:44:54 IST" name="testCase01" data-provider="data-provider" finished-at="2024-10-14T12:44:55 IST" duration-ms="541" status="PASS">
          <params>
            <param index="0">
              <value>
                <![CDATA[test]]>
              </value>
            </param>
            <param index="1">
              <value>
                <![CDATA[test]]>
              </value>
            </param>
          </params>
          <reporter-output>
          </reporter-output>
        </test-method> <!-- testCase01 -->
        <test-method is-config="true" signature="afterMethod()[pri:0, instance:testCase.LoginPageTest@4562e04d]" started-at="2024-10-14T12:44:55 IST" name="afterMethod" finished-at="2024-10-14T12:44:55 IST" duration-ms="237" status="PASS">
          <reporter-output>
          </reporter-output>
        </test-method> <!-- afterMethod -->
        <test-method is-config="true" signature="beforeMethod()[pri:0, instance:testCase.LoginPageTest@4562e04d]" started-at="2024-10-14T12:44:55 IST" name="beforeMethod" finished-at="2024-10-14T12:44:57 IST" duration-ms="1824" status="PASS">
          <reporter-output>
          </reporter-output>
        </test-method> <!-- beforeMethod -->
        <test-method signature="testCase01(java.lang.String,java.lang.String)[pri:0, instance:testCase.LoginPageTest@4562e04d]" started-at="2024-10-14T12:44:57 IST" name="testCase01" data-provider="data-provider" finished-at="2024-10-14T12:44:58 IST" duration-ms="456" status="PASS">
          <params>
            <param index="0">
              <value>
                <![CDATA[admin]]>
              </value>
            </param>
            <param index="1">
              <value>
                <![CDATA[admin]]>
              </value>
            </param>
          </params>
          <reporter-output>
          </reporter-output>
        </test-method> <!-- testCase01 -->
        <test-method is-config="true" signature="afterMethod()[pri:0, instance:testCase.LoginPageTest@4562e04d]" started-at="2024-10-14T12:44:58 IST" name="afterMethod" finished-at="2024-10-14T12:44:58 IST" duration-ms="215" status="PASS">
          <reporter-output>
          </reporter-output>
        </test-method> <!-- afterMethod -->
      </class> <!-- testCase.LoginPageTest -->
    </test> <!-- Default test -->
  </suite> <!-- Default suite -->
</testng-results>
