<?xml version="1.0" encoding="UTF-8"?>
<!-- Generated by org.testng.reporters.JUnitXMLReporter -->
<testsuite ignored="1" hostname="DESKTOP-25T5UMJ" failures="0" tests="4" name="Default test" time="10.936" errors="0" timestamp="2024-10-14T12:44:58 IST">
  <testcase classname="testCase.LoginPageTest" name="testCase01" time="0.509"/>
  <testcase classname="testCase.LoginPageTest" name="testCase01" time="0.397"/>
  <testcase classname="testCase.LoginPageTest" name="testCase01" time="0.541"/>
  <testcase classname="testCase.LoginPageTest" name="testCase01" time="0.456"/>
  <testcase classname="testCase.LoginPageTest" name="verifyLoginWithValidData" time="0.0">
    <ignored/>
  </testcase> <!-- verifyLoginWithValidData -->
</testsuite> <!-- Default test -->
