# JRE version: Java(TM) SE Runtime Environment (17.0.6+9) (build 17.0.6+9-LTS-190)
# Java VM: Java HotSpot(TM) 64-Bit Server VM (17.0.6+9-LTS-190, mixed mode, sharing, tiered, compressed oops, compressed class ptrs, g1 gc, windows-amd64)
GC Precious Log:
 CPUs: 12 total, 12 available
 Memory: 7528M
 Large Page Support: Disabled
 NUMA Support: Disabled
 Compressed Oops: Enabled (32-bit)
 Heap Region Size: 1M
 Heap Min Capacity: 8M
 Heap Initial Capacity: 118M
 Heap Max Capacity: 1884M
 Pre-touch: Disabled
 Parallel Workers: 10
 Concurrent Workers: 3
 Concurrent Refinement Workers: 10
 Periodic GC: Disabled
Heap:
 garbage-first heap   total 63488K, used 44124K [0x000000008a400000, 0x0000000100000000)
  region size 1024K, 26 young (26624K), 3 survivors (3072K)
 Metaspace       used 33692K, committed 34176K, reserved 1081344K
  class space    used 3954K, committed 4160K, reserved 1048576K
GC Heap History (20 events):
Event: 12.453 GC heap before
{Heap before GC invocations=4 (full 0):
 garbage-first heap   total 48128K, used 35127K [0x000000008a400000, 0x0000000100000000)
  region size 1024K, 28 young (28672K), 5 survivors (5120K)
 Metaspace       used 24398K, committed 24768K, reserved 1073152K
  class space    used 3027K, committed 3200K, reserved 1048576K
}
Event: 12.458 GC heap after
{Heap after GC invocations=5 (full 0):
 garbage-first heap   total 48128K, used 14155K [0x000000008a400000, 0x0000000100000000)
  region size 1024K, 2 young (2048K), 2 survivors (2048K)
 Metaspace       used 24398K, committed 24768K, reserved 1073152K
  class space    used 3027K, committed 3200K, reserved 1048576K
}
Event: 29.478 GC heap before
{Heap before GC invocations=5 (full 0):
 garbage-first heap   total 48128K, used 31563K [0x000000008a400000, 0x0000000100000000)
  region size 1024K, 20 young (20480K), 2 survivors (2048K)
 Metaspace       used 24805K, committed 25152K, reserved 1073152K
  class space    used 3032K, committed 3200K, reserved 1048576K
}
Event: 29.483 GC heap after
{Heap after GC invocations=6 (full 0):
 garbage-first heap   total 48128K, used 15896K [0x000000008a400000, 0x0000000100000000)
  region size 1024K, 2 young (2048K), 2 survivors (2048K)
 Metaspace       used 24805K, committed 25152K, reserved 1073152K
  class space    used 3032K, committed 3200K, reserved 1048576K
}
Event: 52.844 GC heap before
{Heap before GC invocations=6 (full 0):
 garbage-first heap   total 48128K, used 33304K [0x000000008a400000, 0x0000000100000000)
  region size 1024K, 20 young (20480K), 2 survivors (2048K)
 Metaspace       used 25098K, committed 25536K, reserved 1073152K
  class space    used 3045K, committed 3264K, reserved 1048576K
}
Event: 52.856 GC heap after
{Heap after GC invocations=7 (full 0):
 garbage-first heap   total 48128K, used 16819K [0x000000008a400000, 0x0000000100000000)
  region size 1024K, 3 young (3072K), 3 survivors (3072K)
 Metaspace       used 25098K, committed 25536K, reserved 1073152K
  class space    used 3045K, committed 3264K, reserved 1048576K
}
Event: 56.928 GC heap before
{Heap before GC invocations=7 (full 0):
 garbage-first heap   total 48128K, used 34227K [0x000000008a400000, 0x0000000100000000)
  region size 1024K, 21 young (21504K), 3 survivors (3072K)
 Metaspace       used 29579K, committed 30016K, reserved 1081344K
  class space    used 3580K, committed 3776K, reserved 1048576K
}
Event: 56.938 GC heap after
{Heap after GC invocations=8 (full 0):
 garbage-first heap   total 48128K, used 17471K [0x000000008a400000, 0x0000000100000000)
  region size 1024K, 3 young (3072K), 3 survivors (3072K)
 Metaspace       used 29579K, committed 30016K, reserved 1081344K
  class space    used 3580K, committed 3776K, reserved 1048576K
}
Event: 57.060 GC heap before
{Heap before GC invocations=8 (full 0):
 garbage-first heap   total 48128K, used 34879K [0x000000008a400000, 0x0000000100000000)
  region size 1024K, 20 young (20480K), 3 survivors (3072K)
 Metaspace       used 29755K, committed 30144K, reserved 1081344K
  class space    used 3602K, committed 3776K, reserved 1048576K
}
Event: 57.063 GC heap after
{Heap after GC invocations=9 (full 0):
 garbage-first heap   total 48128K, used 18031K [0x000000008a400000, 0x0000000100000000)
  region size 1024K, 2 young (2048K), 2 survivors (2048K)
 Metaspace       used 29755K, committed 30144K, reserved 1081344K
  class space    used 3602K, committed 3776K, reserved 1048576K
}
Event: 57.088 GC heap before
{Heap before GC invocations=9 (full 0):
 garbage-first heap   total 48128K, used 36463K [0x000000008a400000, 0x0000000100000000)
  region size 1024K, 20 young (20480K), 2 survivors (2048K)
 Metaspace       used 29755K, committed 30144K, reserved 1081344K
  class space    used 3602K, committed 3776K, reserved 1048576K
}
Event: 57.091 GC heap after
{Heap after GC invocations=10 (full 0):
 garbage-first heap   total 48128K, used 18531K [0x000000008a400000, 0x0000000100000000)
  region size 1024K, 3 young (3072K), 3 survivors (3072K)
 Metaspace       used 29755K, committed 30144K, reserved 1081344K
  class space    used 3602K, committed 3776K, reserved 1048576K
}
Event: 57.497 GC heap before
{Heap before GC invocations=10 (full 0):
 garbage-first heap   total 48128K, used 35939K [0x000000008a400000, 0x0000000100000000)
  region size 1024K, 20 young (20480K), 3 survivors (3072K)
 Metaspace       used 32071K, committed 32512K, reserved 1081344K
  class space    used 3903K, committed 4096K, reserved 1048576K
}
Event: 57.502 GC heap after
{Heap after GC invocations=11 (full 0):
 garbage-first heap   total 63488K, used 19396K [0x000000008a400000, 0x0000000100000000)
  region size 1024K, 3 young (3072K), 3 survivors (3072K)
 Metaspace       used 32071K, committed 32512K, reserved 1081344K
  class space    used 3903K, committed 4096K, reserved 1048576K
}
Event: 79.980 GC heap before
{Heap before GC invocations=11 (full 0):
 garbage-first heap   total 63488K, used 46020K [0x000000008a400000, 0x0000000100000000)
  region size 1024K, 30 young (30720K), 3 survivors (3072K)
 Metaspace       used 32729K, committed 33152K, reserved 1081344K
  class space    used 3929K, committed 4096K, reserved 1048576K
}
Event: 80.008 GC heap after
{Heap after GC invocations=12 (full 0):
 garbage-first heap   total 63488K, used 20969K [0x000000008a400000, 0x0000000100000000)
  region size 1024K, 4 young (4096K), 4 survivors (4096K)
 Metaspace       used 32729K, committed 33152K, reserved 1081344K
  class space    used 3929K, committed 4096K, reserved 1048576K
}
Event: 144.690 GC heap before
{Heap before GC invocations=12 (full 0):
 garbage-first heap   total 63488K, used 47593K [0x000000008a400000, 0x0000000100000000)
  region size 1024K, 31 young (31744K), 4 survivors (4096K)
 Metaspace       used 33079K, committed 33536K, reserved 1081344K
  class space    used 3940K, committed 4160K, reserved 1048576K
}
Event: 144.759 GC heap after
{Heap after GC invocations=13 (full 0):
 garbage-first heap   total 63488K, used 21934K [0x000000008a400000, 0x0000000100000000)
  region size 1024K, 3 young (3072K), 3 survivors (3072K)
 Metaspace       used 33079K, committed 33536K, reserved 1081344K
  class space    used 3940K, committed 4160K, reserved 1048576K
}
Event: 177.574 GC heap before
{Heap before GC invocations=13 (full 0):
 garbage-first heap   total 63488K, used 48558K [0x000000008a400000, 0x0000000100000000)
  region size 1024K, 30 young (30720K), 3 survivors (3072K)
 Metaspace       used 33504K, committed 33920K, reserved 1081344K
  class space    used 3953K, committed 4160K, reserved 1048576K
}
Event: 177.699 GC heap after
{Heap after GC invocations=14 (full 0):
 garbage-first heap   total 63488K, used 22620K [0x000000008a400000, 0x0000000100000000)
  region size 1024K, 3 young (3072K), 3 survivors (3072K)
 Metaspace       used 33504K, committed 33920K, reserved 1081344K
  class space    used 3953K, committed 4160K, reserved 1048576K
}

